<?xml version="1.0" encoding="UTF-8"?>
<testsuite xmlns:xsi="http://www.w3.org/2001/XMLSchema-instance" xsi:noNamespaceSchemaLocation="https://maven.apache.org/surefire/maven-surefire-plugin/xsd/surefire-test-report.xsd" name="com.cyl.SwaggerApplicationTests" time="8.987" tests="1" errors="0" skipped="0" failures="0">
  <properties>
    <property name="sun.desktop" value="windows"/>
    <property name="awt.toolkit" value="sun.awt.windows.WToolkit"/>
    <property name="file.encoding.pkg" value="sun.io"/>
    <property name="java.specification.version" value="1.8"/>
    <property name="sun.cpu.isalist" value="amd64"/>
    <property name="sun.jnu.encoding" value="GBK"/>
    <property name="java.class.path" value="D:\项目\swagger\target\test-classes;D:\项目\swagger\target\classes;D:\repository\org\springframework\boot\spring-boot-starter-web\2.5.7\spring-boot-starter-web-2.5.7.jar;D:\repository\org\springframework\boot\spring-boot-starter\2.5.7\spring-boot-starter-2.5.7.jar;D:\repository\org\springframework\boot\spring-boot-starter-logging\2.5.7\spring-boot-starter-logging-2.5.7.jar;D:\repository\ch\qos\logback\logback-classic\1.2.7\logback-classic-1.2.7.jar;D:\repository\ch\qos\logback\logback-core\1.2.7\logback-core-1.2.7.jar;D:\repository\org\apache\logging\log4j\log4j-to-slf4j\2.14.1\log4j-to-slf4j-2.14.1.jar;D:\repository\org\apache\logging\log4j\log4j-api\2.14.1\log4j-api-2.14.1.jar;D:\repository\org\slf4j\jul-to-slf4j\1.7.32\jul-to-slf4j-1.7.32.jar;D:\repository\jakarta\annotation\jakarta.annotation-api\1.3.5\jakarta.annotation-api-1.3.5.jar;D:\repository\org\yaml\snakeyaml\1.28\snakeyaml-1.28.jar;D:\repository\org\springframework\boot\spring-boot-starter-json\2.5.7\spring-boot-starter-json-2.5.7.jar;D:\repository\com\fasterxml\jackson\core\jackson-databind\2.12.5\jackson-databind-2.12.5.jar;D:\repository\com\fasterxml\jackson\core\jackson-core\2.12.5\jackson-core-2.12.5.jar;D:\repository\com\fasterxml\jackson\datatype\jackson-datatype-jdk8\2.12.5\jackson-datatype-jdk8-2.12.5.jar;D:\repository\com\fasterxml\jackson\datatype\jackson-datatype-jsr310\2.12.5\jackson-datatype-jsr310-2.12.5.jar;D:\repository\com\fasterxml\jackson\module\jackson-module-parameter-names\2.12.5\jackson-module-parameter-names-2.12.5.jar;D:\repository\org\springframework\boot\spring-boot-starter-tomcat\2.5.7\spring-boot-starter-tomcat-2.5.7.jar;D:\repository\org\apache\tomcat\embed\tomcat-embed-core\9.0.55\tomcat-embed-core-9.0.55.jar;D:\repository\org\apache\tomcat\embed\tomcat-embed-el\9.0.55\tomcat-embed-el-9.0.55.jar;D:\repository\org\apache\tomcat\embed\tomcat-embed-websocket\9.0.55\tomcat-embed-websocket-9.0.55.jar;D:\repository\org\springframework\spring-web\5.3.13\spring-web-5.3.13.jar;D:\repository\org\springframework\spring-beans\5.3.13\spring-beans-5.3.13.jar;D:\repository\org\springframework\spring-webmvc\5.3.13\spring-webmvc-5.3.13.jar;D:\repository\org\springframework\spring-aop\5.3.13\spring-aop-5.3.13.jar;D:\repository\org\springframework\spring-context\5.3.13\spring-context-5.3.13.jar;D:\repository\org\springframework\spring-expression\5.3.13\spring-expression-5.3.13.jar;D:\repository\org\springframework\boot\spring-boot-starter-test\2.5.7\spring-boot-starter-test-2.5.7.jar;D:\repository\org\springframework\boot\spring-boot-test\2.5.7\spring-boot-test-2.5.7.jar;D:\repository\org\springframework\boot\spring-boot-test-autoconfigure\2.5.7\spring-boot-test-autoconfigure-2.5.7.jar;D:\repository\com\jayway\jsonpath\json-path\2.5.0\json-path-2.5.0.jar;D:\repository\net\minidev\json-smart\2.4.7\json-smart-2.4.7.jar;D:\repository\net\minidev\accessors-smart\2.4.7\accessors-smart-2.4.7.jar;D:\repository\org\ow2\asm\asm\9.1\asm-9.1.jar;D:\repository\jakarta\xml\bind\jakarta.xml.bind-api\2.3.3\jakarta.xml.bind-api-2.3.3.jar;D:\repository\jakarta\activation\jakarta.activation-api\1.2.2\jakarta.activation-api-1.2.2.jar;D:\repository\org\assertj\assertj-core\3.19.0\assertj-core-3.19.0.jar;D:\repository\org\hamcrest\hamcrest\2.2\hamcrest-2.2.jar;D:\repository\org\junit\jupiter\junit-jupiter\5.7.2\junit-jupiter-5.7.2.jar;D:\repository\org\junit\jupiter\junit-jupiter-api\5.7.2\junit-jupiter-api-5.7.2.jar;D:\repository\org\apiguardian\apiguardian-api\1.1.0\apiguardian-api-1.1.0.jar;D:\repository\org\opentest4j\opentest4j\1.2.0\opentest4j-1.2.0.jar;D:\repository\org\junit\platform\junit-platform-commons\1.7.2\junit-platform-commons-1.7.2.jar;D:\repository\org\junit\jupiter\junit-jupiter-params\5.7.2\junit-jupiter-params-5.7.2.jar;D:\repository\org\junit\jupiter\junit-jupiter-engine\5.7.2\junit-jupiter-engine-5.7.2.jar;D:\repository\org\junit\platform\junit-platform-engine\1.7.2\junit-platform-engine-1.7.2.jar;D:\repository\org\mockito\mockito-core\3.9.0\mockito-core-3.9.0.jar;D:\repository\net\bytebuddy\byte-buddy\1.10.22\byte-buddy-1.10.22.jar;D:\repository\net\bytebuddy\byte-buddy-agent\1.10.22\byte-buddy-agent-1.10.22.jar;D:\repository\org\objenesis\objenesis\3.2\objenesis-3.2.jar;D:\repository\org\mockito\mockito-junit-jupiter\3.9.0\mockito-junit-jupiter-3.9.0.jar;D:\repository\org\skyscreamer\jsonassert\1.5.0\jsonassert-1.5.0.jar;D:\repository\com\vaadin\external\google\android-json\0.0.20131108.vaadin1\android-json-0.0.20131108.vaadin1.jar;D:\repository\org\springframework\spring-core\5.3.13\spring-core-5.3.13.jar;D:\repository\org\springframework\spring-jcl\5.3.13\spring-jcl-5.3.13.jar;D:\repository\org\springframework\spring-test\5.3.13\spring-test-5.3.13.jar;D:\repository\org\xmlunit\xmlunit-core\2.8.3\xmlunit-core-2.8.3.jar;D:\repository\io\springfox\springfox-swagger2\2.9.2\springfox-swagger2-2.9.2.jar;D:\repository\io\swagger\swagger-annotations\1.5.20\swagger-annotations-1.5.20.jar;D:\repository\io\swagger\swagger-models\1.5.20\swagger-models-1.5.20.jar;D:\repository\com\fasterxml\jackson\core\jackson-annotations\2.12.5\jackson-annotations-2.12.5.jar;D:\repository\io\springfox\springfox-spi\2.9.2\springfox-spi-2.9.2.jar;D:\repository\io\springfox\springfox-core\2.9.2\springfox-core-2.9.2.jar;D:\repository\io\springfox\springfox-schema\2.9.2\springfox-schema-2.9.2.jar;D:\repository\io\springfox\springfox-swagger-common\2.9.2\springfox-swagger-common-2.9.2.jar;D:\repository\io\springfox\springfox-spring-web\2.9.2\springfox-spring-web-2.9.2.jar;D:\repository\com\google\guava\guava\20.0\guava-20.0.jar;D:\repository\com\fasterxml\classmate\1.5.1\classmate-1.5.1.jar;D:\repository\org\slf4j\slf4j-api\1.7.32\slf4j-api-1.7.32.jar;D:\repository\org\springframework\plugin\spring-plugin-core\1.2.0.RELEASE\spring-plugin-core-1.2.0.RELEASE.jar;D:\repository\org\springframework\plugin\spring-plugin-metadata\1.2.0.RELEASE\spring-plugin-metadata-1.2.0.RELEASE.jar;D:\repository\org\mapstruct\mapstruct\1.2.0.Final\mapstruct-1.2.0.Final.jar;D:\repository\io\springfox\springfox-swagger-ui\2.9.2\springfox-swagger-ui-2.9.2.jar;D:\repository\org\springframework\boot\spring-boot-devtools\2.5.7\spring-boot-devtools-2.5.7.jar;D:\repository\org\springframework\boot\spring-boot\2.5.7\spring-boot-2.5.7.jar;D:\repository\org\springframework\boot\spring-boot-autoconfigure\2.5.7\spring-boot-autoconfigure-2.5.7.jar;D:\repository\org\projectlombok\lombok\1.18.22\lombok-1.18.22.jar;D:\repository\mysql\mysql-connector-java\8.0.27\mysql-connector-java-8.0.27.jar;D:\repository\com\baomidou\mybatis-plus-boot-starter\3.2.0\mybatis-plus-boot-starter-3.2.0.jar;D:\repository\com\baomidou\mybatis-plus\3.2.0\mybatis-plus-3.2.0.jar;D:\repository\org\springframework\boot\spring-boot-starter-jdbc\2.5.7\spring-boot-starter-jdbc-2.5.7.jar;D:\repository\com\zaxxer\HikariCP\4.0.3\HikariCP-4.0.3.jar;D:\repository\org\springframework\spring-jdbc\5.3.13\spring-jdbc-5.3.13.jar;D:\repository\org\springframework\spring-tx\5.3.13\spring-tx-5.3.13.jar;D:\repository\com\baomidou\mybatis-plus-generator\3.2.0\mybatis-plus-generator-3.2.0.jar;D:\repository\com\baomidou\mybatis-plus-extension\3.2.0\mybatis-plus-extension-3.2.0.jar;D:\repository\com\baomidou\mybatis-plus-core\3.2.0\mybatis-plus-core-3.2.0.jar;D:\repository\com\baomidou\mybatis-plus-annotation\3.2.0\mybatis-plus-annotation-3.2.0.jar;D:\repository\com\github\jsqlparser\jsqlparser\2.1\jsqlparser-2.1.jar;D:\repository\org\mybatis\mybatis\3.5.2\mybatis-3.5.2.jar;D:\repository\org\mybatis\mybatis-spring\2.0.2\mybatis-spring-2.0.2.jar;D:\repository\org\springframework\boot\spring-boot-starter-freemarker\2.5.7\spring-boot-starter-freemarker-2.5.7.jar;D:\repository\org\freemarker\freemarker\2.3.31\freemarker-2.3.31.jar;D:\repository\org\springframework\spring-context-support\5.3.13\spring-context-support-5.3.13.jar;"/>
    <property name="java.vm.vendor" value="Oracle Corporation"/>
    <property name="sun.arch.data.model" value="64"/>
    <property name="user.variant" value=""/>
    <property name="java.vendor.url" value="http://java.oracle.com/"/>
    <property name="user.timezone" value="Asia/Shanghai"/>
    <property name="java.vm.specification.version" value="1.8"/>
    <property name="os.name" value="Windows 10"/>
    <property name="user.country" value="CN"/>
    <property name="sun.java.launcher" value="SUN_STANDARD"/>
    <property name="sun.boot.library.path" value="C:\Program Files\Java\jdk1.8.0_121\jre\bin"/>
    <property name="sun.java.command" value="C:\Users\程艳玲\AppData\Local\Temp\surefire8010179023554891818\surefirebooter4752481127655812557.jar C:\Users\程艳玲\AppData\Local\Temp\surefire8010179023554891818 2021-12-10T13-21-29_090-jvmRun1 surefire3939109048503754657tmp surefire_024794945636839733tmp"/>
    <property name="surefire.test.class.path" value="D:\项目\swagger\target\test-classes;D:\项目\swagger\target\classes;D:\repository\org\springframework\boot\spring-boot-starter-web\2.5.7\spring-boot-starter-web-2.5.7.jar;D:\repository\org\springframework\boot\spring-boot-starter\2.5.7\spring-boot-starter-2.5.7.jar;D:\repository\org\springframework\boot\spring-boot-starter-logging\2.5.7\spring-boot-starter-logging-2.5.7.jar;D:\repository\ch\qos\logback\logback-classic\1.2.7\logback-classic-1.2.7.jar;D:\repository\ch\qos\logback\logback-core\1.2.7\logback-core-1.2.7.jar;D:\repository\org\apache\logging\log4j\log4j-to-slf4j\2.14.1\log4j-to-slf4j-2.14.1.jar;D:\repository\org\apache\logging\log4j\log4j-api\2.14.1\log4j-api-2.14.1.jar;D:\repository\org\slf4j\jul-to-slf4j\1.7.32\jul-to-slf4j-1.7.32.jar;D:\repository\jakarta\annotation\jakarta.annotation-api\1.3.5\jakarta.annotation-api-1.3.5.jar;D:\repository\org\yaml\snakeyaml\1.28\snakeyaml-1.28.jar;D:\repository\org\springframework\boot\spring-boot-starter-json\2.5.7\spring-boot-starter-json-2.5.7.jar;D:\repository\com\fasterxml\jackson\core\jackson-databind\2.12.5\jackson-databind-2.12.5.jar;D:\repository\com\fasterxml\jackson\core\jackson-core\2.12.5\jackson-core-2.12.5.jar;D:\repository\com\fasterxml\jackson\datatype\jackson-datatype-jdk8\2.12.5\jackson-datatype-jdk8-2.12.5.jar;D:\repository\com\fasterxml\jackson\datatype\jackson-datatype-jsr310\2.12.5\jackson-datatype-jsr310-2.12.5.jar;D:\repository\com\fasterxml\jackson\module\jackson-module-parameter-names\2.12.5\jackson-module-parameter-names-2.12.5.jar;D:\repository\org\springframework\boot\spring-boot-starter-tomcat\2.5.7\spring-boot-starter-tomcat-2.5.7.jar;D:\repository\org\apache\tomcat\embed\tomcat-embed-core\9.0.55\tomcat-embed-core-9.0.55.jar;D:\repository\org\apache\tomcat\embed\tomcat-embed-el\9.0.55\tomcat-embed-el-9.0.55.jar;D:\repository\org\apache\tomcat\embed\tomcat-embed-websocket\9.0.55\tomcat-embed-websocket-9.0.55.jar;D:\repository\org\springframework\spring-web\5.3.13\spring-web-5.3.13.jar;D:\repository\org\springframework\spring-beans\5.3.13\spring-beans-5.3.13.jar;D:\repository\org\springframework\spring-webmvc\5.3.13\spring-webmvc-5.3.13.jar;D:\repository\org\springframework\spring-aop\5.3.13\spring-aop-5.3.13.jar;D:\repository\org\springframework\spring-context\5.3.13\spring-context-5.3.13.jar;D:\repository\org\springframework\spring-expression\5.3.13\spring-expression-5.3.13.jar;D:\repository\org\springframework\boot\spring-boot-starter-test\2.5.7\spring-boot-starter-test-2.5.7.jar;D:\repository\org\springframework\boot\spring-boot-test\2.5.7\spring-boot-test-2.5.7.jar;D:\repository\org\springframework\boot\spring-boot-test-autoconfigure\2.5.7\spring-boot-test-autoconfigure-2.5.7.jar;D:\repository\com\jayway\jsonpath\json-path\2.5.0\json-path-2.5.0.jar;D:\repository\net\minidev\json-smart\2.4.7\json-smart-2.4.7.jar;D:\repository\net\minidev\accessors-smart\2.4.7\accessors-smart-2.4.7.jar;D:\repository\org\ow2\asm\asm\9.1\asm-9.1.jar;D:\repository\jakarta\xml\bind\jakarta.xml.bind-api\2.3.3\jakarta.xml.bind-api-2.3.3.jar;D:\repository\jakarta\activation\jakarta.activation-api\1.2.2\jakarta.activation-api-1.2.2.jar;D:\repository\org\assertj\assertj-core\3.19.0\assertj-core-3.19.0.jar;D:\repository\org\hamcrest\hamcrest\2.2\hamcrest-2.2.jar;D:\repository\org\junit\jupiter\junit-jupiter\5.7.2\junit-jupiter-5.7.2.jar;D:\repository\org\junit\jupiter\junit-jupiter-api\5.7.2\junit-jupiter-api-5.7.2.jar;D:\repository\org\apiguardian\apiguardian-api\1.1.0\apiguardian-api-1.1.0.jar;D:\repository\org\opentest4j\opentest4j\1.2.0\opentest4j-1.2.0.jar;D:\repository\org\junit\platform\junit-platform-commons\1.7.2\junit-platform-commons-1.7.2.jar;D:\repository\org\junit\jupiter\junit-jupiter-params\5.7.2\junit-jupiter-params-5.7.2.jar;D:\repository\org\junit\jupiter\junit-jupiter-engine\5.7.2\junit-jupiter-engine-5.7.2.jar;D:\repository\org\junit\platform\junit-platform-engine\1.7.2\junit-platform-engine-1.7.2.jar;D:\repository\org\mockito\mockito-core\3.9.0\mockito-core-3.9.0.jar;D:\repository\net\bytebuddy\byte-buddy\1.10.22\byte-buddy-1.10.22.jar;D:\repository\net\bytebuddy\byte-buddy-agent\1.10.22\byte-buddy-agent-1.10.22.jar;D:\repository\org\objenesis\objenesis\3.2\objenesis-3.2.jar;D:\repository\org\mockito\mockito-junit-jupiter\3.9.0\mockito-junit-jupiter-3.9.0.jar;D:\repository\org\skyscreamer\jsonassert\1.5.0\jsonassert-1.5.0.jar;D:\repository\com\vaadin\external\google\android-json\0.0.20131108.vaadin1\android-json-0.0.20131108.vaadin1.jar;D:\repository\org\springframework\spring-core\5.3.13\spring-core-5.3.13.jar;D:\repository\org\springframework\spring-jcl\5.3.13\spring-jcl-5.3.13.jar;D:\repository\org\springframework\spring-test\5.3.13\spring-test-5.3.13.jar;D:\repository\org\xmlunit\xmlunit-core\2.8.3\xmlunit-core-2.8.3.jar;D:\repository\io\springfox\springfox-swagger2\2.9.2\springfox-swagger2-2.9.2.jar;D:\repository\io\swagger\swagger-annotations\1.5.20\swagger-annotations-1.5.20.jar;D:\repository\io\swagger\swagger-models\1.5.20\swagger-models-1.5.20.jar;D:\repository\com\fasterxml\jackson\core\jackson-annotations\2.12.5\jackson-annotations-2.12.5.jar;D:\repository\io\springfox\springfox-spi\2.9.2\springfox-spi-2.9.2.jar;D:\repository\io\springfox\springfox-core\2.9.2\springfox-core-2.9.2.jar;D:\repository\io\springfox\springfox-schema\2.9.2\springfox-schema-2.9.2.jar;D:\repository\io\springfox\springfox-swagger-common\2.9.2\springfox-swagger-common-2.9.2.jar;D:\repository\io\springfox\springfox-spring-web\2.9.2\springfox-spring-web-2.9.2.jar;D:\repository\com\google\guava\guava\20.0\guava-20.0.jar;D:\repository\com\fasterxml\classmate\1.5.1\classmate-1.5.1.jar;D:\repository\org\slf4j\slf4j-api\1.7.32\slf4j-api-1.7.32.jar;D:\repository\org\springframework\plugin\spring-plugin-core\1.2.0.RELEASE\spring-plugin-core-1.2.0.RELEASE.jar;D:\repository\org\springframework\plugin\spring-plugin-metadata\1.2.0.RELEASE\spring-plugin-metadata-1.2.0.RELEASE.jar;D:\repository\org\mapstruct\mapstruct\1.2.0.Final\mapstruct-1.2.0.Final.jar;D:\repository\io\springfox\springfox-swagger-ui\2.9.2\springfox-swagger-ui-2.9.2.jar;D:\repository\org\springframework\boot\spring-boot-devtools\2.5.7\spring-boot-devtools-2.5.7.jar;D:\repository\org\springframework\boot\spring-boot\2.5.7\spring-boot-2.5.7.jar;D:\repository\org\springframework\boot\spring-boot-autoconfigure\2.5.7\spring-boot-autoconfigure-2.5.7.jar;D:\repository\org\projectlombok\lombok\1.18.22\lombok-1.18.22.jar;D:\repository\mysql\mysql-connector-java\8.0.27\mysql-connector-java-8.0.27.jar;D:\repository\com\baomidou\mybatis-plus-boot-starter\3.2.0\mybatis-plus-boot-starter-3.2.0.jar;D:\repository\com\baomidou\mybatis-plus\3.2.0\mybatis-plus-3.2.0.jar;D:\repository\org\springframework\boot\spring-boot-starter-jdbc\2.5.7\spring-boot-starter-jdbc-2.5.7.jar;D:\repository\com\zaxxer\HikariCP\4.0.3\HikariCP-4.0.3.jar;D:\repository\org\springframework\spring-jdbc\5.3.13\spring-jdbc-5.3.13.jar;D:\repository\org\springframework\spring-tx\5.3.13\spring-tx-5.3.13.jar;D:\repository\com\baomidou\mybatis-plus-generator\3.2.0\mybatis-plus-generator-3.2.0.jar;D:\repository\com\baomidou\mybatis-plus-extension\3.2.0\mybatis-plus-extension-3.2.0.jar;D:\repository\com\baomidou\mybatis-plus-core\3.2.0\mybatis-plus-core-3.2.0.jar;D:\repository\com\baomidou\mybatis-plus-annotation\3.2.0\mybatis-plus-annotation-3.2.0.jar;D:\repository\com\github\jsqlparser\jsqlparser\2.1\jsqlparser-2.1.jar;D:\repository\org\mybatis\mybatis\3.5.2\mybatis-3.5.2.jar;D:\repository\org\mybatis\mybatis-spring\2.0.2\mybatis-spring-2.0.2.jar;D:\repository\org\springframework\boot\spring-boot-starter-freemarker\2.5.7\spring-boot-starter-freemarker-2.5.7.jar;D:\repository\org\freemarker\freemarker\2.3.31\freemarker-2.3.31.jar;D:\repository\org\springframework\spring-context-support\5.3.13\spring-context-support-5.3.13.jar;"/>
    <property name="sun.cpu.endian" value="little"/>
    <property name="user.home" value="C:\Users\程艳玲"/>
    <property name="user.language" value="zh"/>
    <property name="java.specification.vendor" value="Oracle Corporation"/>
    <property name="java.home" value="C:\Program Files\Java\jdk1.8.0_121\jre"/>
    <property name="basedir" value="D:\项目\swagger"/>
    <property name="file.separator" value="\"/>
    <property name="line.separator" value="&#10;"/>
    <property name="java.vm.specification.vendor" value="Oracle Corporation"/>
    <property name="java.specification.name" value="Java Platform API Specification"/>
    <property name="java.awt.graphicsenv" value="sun.awt.Win32GraphicsEnvironment"/>
    <property name="surefire.real.class.path" value="C:\Users\程艳玲\AppData\Local\Temp\surefire8010179023554891818\surefirebooter4752481127655812557.jar"/>
    <property name="sun.boot.class.path" value="C:\Program Files\Java\jdk1.8.0_121\jre\lib\resources.jar;C:\Program Files\Java\jdk1.8.0_121\jre\lib\rt.jar;C:\Program Files\Java\jdk1.8.0_121\jre\lib\sunrsasign.jar;C:\Program Files\Java\jdk1.8.0_121\jre\lib\jsse.jar;C:\Program Files\Java\jdk1.8.0_121\jre\lib\jce.jar;C:\Program Files\Java\jdk1.8.0_121\jre\lib\charsets.jar;C:\Program Files\Java\jdk1.8.0_121\jre\lib\jfr.jar;C:\Program Files\Java\jdk1.8.0_121\jre\classes"/>
    <property name="user.script" value=""/>
    <property name="sun.management.compiler" value="HotSpot 64-Bit Tiered Compilers"/>
    <property name="java.runtime.version" value="1.8.0_121-b13"/>
    <property name="user.name" value="程艳玲"/>
    <property name="path.separator" value=";"/>
    <property name="os.version" value="10.0"/>
    <property name="java.endorsed.dirs" value="C:\Program Files\Java\jdk1.8.0_121\jre\lib\endorsed"/>
    <property name="java.runtime.name" value="Java(TM) SE Runtime Environment"/>
    <property name="file.encoding" value="GBK"/>
    <property name="java.vm.name" value="Java HotSpot(TM) 64-Bit Server VM"/>
    <property name="localRepository" value="D:\repository"/>
    <property name="java.vendor.url.bug" value="http://bugreport.sun.com/bugreport/"/>
    <property name="java.io.tmpdir" value="C:\Users\程艳玲\AppData\Local\Temp\"/>
    <property name="idea.version" value="2020.2"/>
    <property name="java.version" value="1.8.0_121"/>
    <property name="user.dir" value="D:\项目\swagger"/>
    <property name="os.arch" value="amd64"/>
    <property name="java.vm.specification.name" value="Java Virtual Machine Specification"/>
    <property name="java.awt.printerjob" value="sun.awt.windows.WPrinterJob"/>
    <property name="sun.os.patch.level" value=""/>
    <property name="java.library.path" value="C:\Program Files\Java\jdk1.8.0_121\jre\bin;C:\WINDOWS\Sun\Java\bin;C:\WINDOWS\system32;C:\WINDOWS;C:\Program Files (x86)\Common Files\NetSarang;C:\ProgramData\Oracle\Java\javapath;C:\Program Files (x86)\Intel\iCLS Client\;C:\Program Files\Intel\iCLS Client\;C:\Windows\system32;C:\Windows;C:\Windows\System32\Wbem;C:\Windows\System32\WindowsPowerShell\v1.0\;C:\Program Files (x86)\Intel\Intel(R) Management Engine Components\DAL;C:\Program Files\Intel\Intel(R) Management Engine Components\DAL;C:\Program Files (x86)\Intel\Intel(R) Management Engine Components\IPT;C:\Program Files\Intel\Intel(R) Management Engine Components\IPT;C:\Program Files (x86)\NVIDIA Corporation\PhysX\Common;C:\WINDOWS\system32;C:\WINDOWS;C:\WINDOWS\System32\Wbem;C:\WINDOWS\System32\WindowsPowerShell\v1.0\;C:\WINDOWS\System32\OpenSSH\;C:\Program Files\Java\jdk1.8.0_121;D:\Program Files (x86)\Node.js\;D:\Program Files (x86)\apache-tomcat-8.5.43\bin;D:\Program Files (x86)\apache-maven-3.6.0\bin;D:\Program Files\VisualSVN Server\bin;D:\Program Files\TortoiseSVN\bin;D:\software\MySQL5.7\MySQL Utilities 1.3.5\;D:\software\Git\cmd;D:\software\putty\;C:\WINDOWS\system32;C:\WINDOWS;C:\WINDOWS\System32\Wbem;C:\WINDOWS\System32\WindowsPowerShell\v1.0\;C:\WINDOWS\System32\OpenSSH\;C:\Program Files\Java\jdk1.8.0_121\bin;C:\Users\程艳玲\AppData\Local\Microsoft\WindowsApps;C:\Users\程艳玲\AppData\Roaming\npm;C:\Program Files (x86)\MySQL\MySQL Server 5.0\bin;D:\Program Files (x86)\IntelliJ IDEA 2020.1\bin;;D:\AndroidSDK\android-sdk-windows\platform-tools;D:\software\Bandizip\;;."/>
    <property name="java.vm.info" value="mixed mode"/>
    <property name="java.vendor" value="Oracle Corporation"/>
    <property name="java.vm.version" value="25.121-b13"/>
    <property name="java.ext.dirs" value="C:\Program Files\Java\jdk1.8.0_121\jre\lib\ext;C:\WINDOWS\Sun\Java\lib\ext"/>
    <property name="sun.io.unicode.encoding" value="UnicodeLittle"/>
    <property name="java.class.version" value="52.0"/>
  </properties>
  <testcase name="contextLoads" classname="com.cyl.SwaggerApplicationTests" time="0.42"/>
</testsuite>